Code/app/build/intermediates/manifest_merge_blame_file/debug/manifest-merger-blame-debug-report.txt
1<?xml version="1.0" encoding="utf-8"?>
2<manifest xmlns:android="http://schemas.android.com/apk/res/android"
3    package="com.example.myapplication"
4    android:versionCode="1"
5    android:versionName="1.0" >
6
7    <uses-sdk
8        android:minSdkVersion="16"
8-->src\main\AndroidManifest.xml
9        android:targetSdkVersion="29" />
9-->src\main\AndroidManifest.xml
10    <!-- Although the *SdkVersion is captured in gradle build files, this is required for non gradle builds -->
11    <!-- <uses-sdk android:minSdkVersion="14" /> -->
12    <uses-permission android:name="android.permission.ACCESS_NETWORK_STATE" />
12-->[com.google.firebase:firebase-firestore:21.2.1] AndroidManifest.xml:13:5-79
12-->[com.google.firebase:firebase-firestore:21.2.1] AndroidManifest.xml:13:22-76
13    <uses-permission android:name="android.permission.INTERNET" />
13-->[com.google.firebase:firebase-firestore:21.2.1] AndroidManifest.xml:14:5-67
13-->[com.google.firebase:firebase-firestore:21.2.1] AndroidManifest.xml:14:22-64
14    <uses-permission android:name="android.permission.WAKE_LOCK" /> <!-- Required by older versions of Google Play services to create IID tokens -->
14-->[com.google.android.gms:play-services-measurement-api:17.2.0] AndroidManifest.xml:24:5-68
14-->[com.google.android.gms:play-services-measurement-api:17.2.0] AndroidManifest.xml:24:22-65
15    <uses-permission android:name="com.google.android.c2dm.permission.RECEIVE" />
15-->[com.google.firebase:firebase-iid:19.0.0] AndroidManifest.xml:26:5-82
15-->[com.google.firebase:firebase-iid:19.0.0] AndroidManifest.xml:26:22-79
16    <uses-permission android:name="com.google.android.finsky.permission.BIND_GET_INSTALL_REFERRER_SERVICE" />
16-->[com.google.android.gms:play-services-measurement:17.2.0] AndroidManifest.xml:26:5-110
16-->[com.google.android.gms:play-services-measurement:17.2.0] AndroidManifest.xml:26:22-107
17
18    <application
18-->src\main\AndroidManifest.xml:5:5-29:19
19        android:name="androidx.multidex.MultiDexApplication"
20        android:allowBackup="true"
20-->src\main\AndroidManifest.xml:6:9-35
21        android:appComponentFactory="androidx.core.app.CoreComponentFactory"
21-->[androidx.core:core:1.0.1] AndroidManifest.xml:22:18-86
22        android:debuggable="true"
23        android:icon="@mipmap/ic_launcher"
23-->src\main\AndroidManifest.xml:7:9-43
24        android:label="@string/app_name"
24-->src\main\AndroidManifest.xml:8:9-41
25        android:roundIcon="@mipmap/ic_launcher_round"
25-->src\main\AndroidManifest.xml:9:9-54
26        android:supportsRtl="true"
26-->src\main\AndroidManifest.xml:10:9-35
27        android:theme="@style/AppTheme" >
27-->src\main\AndroidManifest.xml:11:9-40
28        <activity android:name="com.example.myapplication.MoodListActivity" />
28-->src\main\AndroidManifest.xml:12:9-63
28-->src\main\AndroidManifest.xml:12:19-51
29        <activity android:name="com.example.myapplication.MoodHistory" />
29-->src\main\AndroidManifest.xml:13:9-58
29-->src\main\AndroidManifest.xml:13:19-46
30        <activity android:name="com.example.myapplication.OtherMap" />
30-->src\main\AndroidManifest.xml:14:9-46
30-->src\main\AndroidManifest.xml:14:19-43
31        <activity android:name="com.example.myapplication.Usermap" />
31-->src\main\AndroidManifest.xml:15:9-45
31-->src\main\AndroidManifest.xml:15:19-42
32        <activity android:name="com.example.myapplication.FollowHistory" />
32-->src\main\AndroidManifest.xml:16:9-51
32-->src\main\AndroidManifest.xml:16:19-48
33        <activity android:name="com.example.myapplication.Requests" />
33-->src\main\AndroidManifest.xml:17:9-46
33-->src\main\AndroidManifest.xml:17:19-43
34        <activity android:name="com.example.myapplication.ViewMood" />
34-->src\main\AndroidManifest.xml:18:9-46
34-->src\main\AndroidManifest.xml:18:19-43
35        <activity android:name="com.example.myapplication.Edit" />
35-->src\main\AndroidManifest.xml:19:9-42
35-->src\main\AndroidManifest.xml:19:19-39
36        <activity android:name="com.example.myapplication.Add" />
36-->src\main\AndroidManifest.xml:20:9-41
36-->src\main\AndroidManifest.xml:20:19-38
37        <activity android:name="com.example.myapplication.Login" />
37-->src\main\AndroidManifest.xml:21:9-43
37-->src\main\AndroidManifest.xml:21:19-40
38        <activity android:name="com.example.myapplication.MainActivity" >
38-->src\main\AndroidManifest.xml:22:9-28:20
38-->src\main\AndroidManifest.xml:22:19-47
39            <intent-filter>
39-->src\main\AndroidManifest.xml:23:13-27:29
40                <action android:name="android.intent.action.MAIN" />
40-->src\main\AndroidManifest.xml:24:17-69
40-->src\main\AndroidManifest.xml:24:25-66
41
42                <category android:name="android.intent.category.LAUNCHER" />
42-->src\main\AndroidManifest.xml:26:17-77
42-->src\main\AndroidManifest.xml:26:27-74
43            </intent-filter>
44        </activity>
45
46        <service
46-->[com.google.firebase:firebase-firestore:21.2.1] AndroidManifest.xml:17:9-23:19
47            android:name="com.google.firebase.components.ComponentDiscoveryService"
47-->[com.google.firebase:firebase-firestore:21.2.1] AndroidManifest.xml:18:13-84
48            android:directBootAware="true"
48-->[com.google.firebase:firebase-common:19.2.0] AndroidManifest.xml:15:13-43
49            android:exported="false" >
49-->[com.google.firebase:firebase-firestore:21.2.1] AndroidManifest.xml:19:13-37
50            <meta-data
50-->[com.google.firebase:firebase-firestore:21.2.1] AndroidManifest.xml:20:13-22:85
51                android:name="com.google.firebase.components:com.google.firebase.firestore.FirestoreRegistrar"
51-->[com.google.firebase:firebase-firestore:21.2.1] AndroidManifest.xml:21:17-111
52                android:value="com.google.firebase.components.ComponentRegistrar" />
52-->[com.google.firebase:firebase-firestore:21.2.1] AndroidManifest.xml:22:17-82
53            <meta-data
53-->[com.google.android.gms:play-services-measurement-api:17.2.0] AndroidManifest.xml:30:13-32:85
54                android:name="com.google.firebase.components:com.google.firebase.analytics.connector.internal.AnalyticsConnectorRegistrar"
54-->[com.google.android.gms:play-services-measurement-api:17.2.0] AndroidManifest.xml:31:17-139
55                android:value="com.google.firebase.components.ComponentRegistrar" />
55-->[com.google.android.gms:play-services-measurement-api:17.2.0] AndroidManifest.xml:32:17-82
56            <meta-data
56-->[com.google.firebase:firebase-iid:19.0.0] AndroidManifest.xml:32:13-34:85
57                android:name="com.google.firebase.components:com.google.firebase.iid.Registrar"
57-->[com.google.firebase:firebase-iid:19.0.0] AndroidManifest.xml:33:17-96
58                android:value="com.google.firebase.components.ComponentRegistrar" />
58-->[com.google.firebase:firebase-iid:19.0.0] AndroidManifest.xml:34:17-82
59        </service>
60
61        <receiver
61-->[com.google.firebase:firebase-iid:19.0.0] AndroidManifest.xml:37:9-44:20
62            android:name="com.google.firebase.iid.FirebaseInstanceIdReceiver"
62-->[com.google.firebase:firebase-iid:19.0.0] AndroidManifest.xml:38:13-78
63            android:exported="true"
63-->[com.google.firebase:firebase-iid:19.0.0] AndroidManifest.xml:39:13-36
64            android:permission="com.google.android.c2dm.permission.SEND" >
64-->[com.google.firebase:firebase-iid:19.0.0] AndroidManifest.xml:40:13-73
65            <intent-filter>
65-->[com.google.firebase:firebase-iid:19.0.0] AndroidManifest.xml:41:13-43:29
66                <action android:name="com.google.android.c2dm.intent.RECEIVE" />
66-->[com.google.firebase:firebase-iid:19.0.0] AndroidManifest.xml:42:17-81
66-->[com.google.firebase:firebase-iid:19.0.0] AndroidManifest.xml:42:25-78
67            </intent-filter>
68        </receiver>
69
70        <activity
70-->[com.google.android.gms:play-services-base:17.0.0] AndroidManifest.xml:23:9-26:75
71            android:name="com.google.android.gms.common.api.GoogleApiActivity"
71-->[com.google.android.gms:play-services-base:17.0.0] AndroidManifest.xml:24:13-79
72            android:exported="false"
72-->[com.google.android.gms:play-services-base:17.0.0] AndroidManifest.xml:25:13-37
73            android:theme="@android:style/Theme.Translucent.NoTitleBar" />
73-->[com.google.android.gms:play-services-base:17.0.0] AndroidManifest.xml:26:13-72
74
75        <receiver
75-->[com.google.android.gms:play-services-measurement:17.2.0] AndroidManifest.xml:29:9-33:20
76            android:name="com.google.android.gms.measurement.AppMeasurementReceiver"
76-->[com.google.android.gms:play-services-measurement:17.2.0] AndroidManifest.xml:30:13-85
77            android:enabled="true"
77-->[com.google.android.gms:play-services-measurement:17.2.0] AndroidManifest.xml:31:13-35
78            android:exported="false" >
78-->[com.google.android.gms:play-services-measurement:17.2.0] AndroidManifest.xml:32:13-37
79        </receiver>
80        <receiver
80-->[com.google.android.gms:play-services-measurement:17.2.0] AndroidManifest.xml:34:9-42:20
81            android:name="com.google.android.gms.measurement.AppMeasurementInstallReferrerReceiver"
81-->[com.google.android.gms:play-services-measurement:17.2.0] AndroidManifest.xml:35:13-100
82            android:enabled="true"
82-->[com.google.android.gms:play-services-measurement:17.2.0] AndroidManifest.xml:36:13-35
83            android:exported="true"
83-->[com.google.android.gms:play-services-measurement:17.2.0] AndroidManifest.xml:37:13-36
84            android:permission="android.permission.INSTALL_PACKAGES" >
84-->[com.google.android.gms:play-services-measurement:17.2.0] AndroidManifest.xml:38:13-69
85            <intent-filter>
85-->[com.google.android.gms:play-services-measurement:17.2.0] AndroidManifest.xml:39:13-41:29
86                <action android:name="com.android.vending.INSTALL_REFERRER" />
86-->[com.google.android.gms:play-services-measurement:17.2.0] AndroidManifest.xml:40:17-79
86-->[com.google.android.gms:play-services-measurement:17.2.0] AndroidManifest.xml:40:25-76
87            </intent-filter>
88        </receiver>
89
90        <service
90-->[com.google.android.gms:play-services-measurement:17.2.0] AndroidManifest.xml:44:9-47:40
91            android:name="com.google.android.gms.measurement.AppMeasurementService"
91-->[com.google.android.gms:play-services-measurement:17.2.0] AndroidManifest.xml:45:13-84
92            android:enabled="true"
92-->[com.google.android.gms:play-services-measurement:17.2.0] AndroidManifest.xml:46:13-35
93            android:exported="false" />
93-->[com.google.android.gms:play-services-measurement:17.2.0] AndroidManifest.xml:47:13-37
94        <service
94-->[com.google.android.gms:play-services-measurement:17.2.0] AndroidManifest.xml:48:9-52:72
95            android:name="com.google.android.gms.measurement.AppMeasurementJobService"
95-->[com.google.android.gms:play-services-measurement:17.2.0] AndroidManifest.xml:49:13-87
96            android:enabled="true"
96-->[com.google.android.gms:play-services-measurement:17.2.0] AndroidManifest.xml:50:13-35
97            android:exported="false"
97-->[com.google.android.gms:play-services-measurement:17.2.0] AndroidManifest.xml:51:13-37
98            android:permission="android.permission.BIND_JOB_SERVICE" />
98-->[com.google.android.gms:play-services-measurement:17.2.0] AndroidManifest.xml:52:13-69
99
100        <provider
100-->[com.google.firebase:firebase-common:19.2.0] AndroidManifest.xml:19:9-23:39
101            android:name="com.google.firebase.provider.FirebaseInitProvider"
101-->[com.google.firebase:firebase-common:19.2.0] AndroidManifest.xml:20:13-77
102            android:authorities="com.example.myapplication.firebaseinitprovider"
102-->[com.google.firebase:firebase-common:19.2.0] AndroidManifest.xml:21:13-72
103            android:exported="false"
103-->[com.google.firebase:firebase-common:19.2.0] AndroidManifest.xml:22:13-37
104            android:initOrder="100" />
104-->[com.google.firebase:firebase-common:19.2.0] AndroidManifest.xml:23:13-36
105
106        <meta-data
106-->[com.google.android.gms:play-services-basement:17.0.0] AndroidManifest.xml:23:9-25:69
107            android:name="com.google.android.gms.version"
107-->[com.google.android.gms:play-services-basement:17.0.0] AndroidManifest.xml:24:13-58
108            android:value="@integer/google_play_services_version" />
108-->[com.google.android.gms:play-services-basement:17.0.0] AndroidManifest.xml:25:13-66
109    </application>
110
111</manifest>